
── Logos de 53 times (Liquipedia) ──
  ✓ 100T             100T.png
  ✓ 3DMAX            3DMAX.png
  ✓ Apeks            Apeks.png
  ✓ Astralis         Astralis.png
  ✓ BIG              BIG.png
  ✓ Cloud9           Cloud9.png
  ✓ Complexity       Complexity.png
  ✓ Dignitas         Dignitas.png
  ✓ EG               EG.png
  ✓ ENCE             ENCE.png
  ✓ EnVyUs           EnVyUs.png
  ✓ Endpoint         Endpoint.png
  ✓ Eternal Fire     Eternal_Fire.png
  ✓ FURIA            FURIA.png
  ✓ FaZe             FaZe.png
  ✓ Falcons          Falcons.png
  ✓ FlipSid3         FlipSid3.png
  ✓ FlyQuest         FlyQuest.png
  ✓ G2               G2.png
  ✓ GODSENT          GODSENT.png
  ✓ Gambit           Gambit.png
  ✓ GamerLegion      GamerLegion.png
  ✓ Gen.G            Gen_G.png
  ✓ HellRaisers      HellRaisers.png
  ✓ Heroic           Heroic.png
  ✓ Immortals        Immortals.png
  ✓ Imperial         Imperial.png
  ✓ Liquid           Liquid.png
  ✓ Luminosity       Luminosity.png
  ✓ MAD Lions        MAD_Lions.png
  ✓ MIBR             MIBR.png
  ✓ MOUZ             MOUZ.png
  ✓ NAVI             NAVI.png
  ✓ NIP              NIP.png
  ✓ NRG              NRG.png
  ✓ North            North.png
  ✗ OG               sem campo image no infobox
  ✓ OpTic            OpTic.png
  ✓ Renegades        Renegades.png
  ✓ SK               SK.png
  ✓ Space Soldiers   Space_Soldiers.png
  ✓ Spirit           Spirit.png
  ✓ Sprout           Sprout.png
  ✓ TSM              TSM.png
  ✓ TYLOO            TYLOO.png
  ✓ TheMongolz       TheMongolz.png
  ✓ Titan            Titan.png
  ✓ VeryGames        VeryGames.png
  ✓ Virtus.pro       Virtus_pro.png
  ✓ Vitality         Vitality.png
  ✓ fnatic           fnatic.png
  ✓ iBUYPOWER        iBUYPOWER.png
  ✓ paiN             paiN.png

── Bandeiras de 32 países (flagcdn) ──
  ✓ AU
  ✓ BA
  ✓ BE
  ✓ BG
  ✓ BR
  ✓ CA
  ✓ CN
  ✓ CZ
  ✓ DE
  ✓ DK
  ✓ EE
  ✓ FI
  ✓ FR
  ✓ GB
  ✓ GT
  ✓ HU
  ✓ ID
  ✓ IL
  ✓ KZ
  ✓ LT
  ✓ LV
  ✓ MN
  ✓ NL
  ✓ NO
  ✓ PL
  ✓ RS
  ✓ RU
  ✓ SE
  ✓ SK
  ✓ TR
  ✓ UA
  ✓ US

✔ Logos: 52/53 | Bandeiras: 32/32
Logos faltando:
  OG: sem campo image no infobox
