Base curada: 319 jogadores. Iniciando crawl de 30 categorias...

  …429, aguardando 62s
[Danish Players] 222 títulos
[Danish Players] +0 notáveis (total: 319, fetches: 166)
[Swedish Players] 338 títulos
[Swedish Players] +6 notáveis (total: 325, fetches: 404)
[French Players] 168 títulos
[French Players] +24 notáveis (total: 349, fetches: 555)
[Brazilian Players] 271 títulos
[Brazilian Players] +72 notáveis (total: 421, fetches: 808)
[Russian Players] 337 títulos
[Russian Players] +44 notáveis (total: 465, fetches: 1128)
[Ukrainian Players] 133 títulos
[Ukrainian Players] +25 notáveis (total: 490, fetches: 1251)
[Finnish Players] 121 títulos
[Finnish Players] +24 notáveis (total: 514, fetches: 1365)
[Polish Players] 178 títulos
[Polish Players] +24 notáveis (total: 538, fetches: 1537)
[American Players] 367 títulos
[American Players] +71 notáveis (total: 609, fetches: 1890)
[Canadian Players] 103 títulos
[Canadian Players] +22 notáveis (total: 631, fetches: 1989)
[Australian Players] 113 títulos
[Australian Players] +9 notáveis (total: 640, fetches: 2097)
[German Players] 241 títulos
[German Players] +56 notáveis (total: 696, fetches: 2330)
[Turkish Players] 51 títulos
[Turkish Players] +12 notáveis (total: 708, fetches: 2371)
[Norwegian Players] 89 títulos
[Norwegian Players] +18 notáveis (total: 726, fetches: 2457)
[Slovak Players] 37 títulos
[Slovak Players] +4 notáveis (total: 730, fetches: 2493)
[Estonian Players] 24 títulos
[Estonian Players] +5 notáveis (total: 735, fetches: 2516)
[Israeli Players] 19 títulos
[Israeli Players] +2 notáveis (total: 737, fetches: 2531)
[Latvian Players] 22 títulos
[Latvian Players] +2 notáveis (total: 739, fetches: 2551)
[British Players] 109 títulos
[British Players] +24 notáveis (total: 763, fetches: 2656)
[Bosnian Players] 9 títulos
[Bosnian Players] +0 notáveis (total: 763, fetches: 2663)
[Serbian Players] 31 títulos
[Serbian Players] +2 notáveis (total: 765, fetches: 2689)
[Lithuanian Players] 28 títulos
[Lithuanian Players] +3 notáveis (total: 768, fetches: 2715)
[Belgian Players] 30 títulos
[Belgian Players] +4 notáveis (total: 772, fetches: 2744)
[Dutch Players] 35 títulos
[Dutch Players] +7 notáveis (total: 779, fetches: 2777)
[Czech Players] 43 títulos
[Czech Players] +4 notáveis (total: 783, fetches: 2818)
[Spanish Players] 68 títulos
[Spanish Players] +12 notáveis (total: 795, fetches: 2885)
[Bulgarian Players] 44 títulos
[Bulgarian Players] +3 notáveis (total: 798, fetches: 2928)
[Mongolian Players] 53 títulos
[Mongolian Players] +19 notáveis (total: 817, fetches: 2975)
[Kazakh Players] 0 títulos
[Kazakh Players] +0 notáveis (total: 817, fetches: 2975)
[Chinese Players] 210 títulos
[Chinese Players] +19 notáveis (total: 836, fetches: 3184)

✔ Crawl completo. 836 jogadores (+517 novos) · 54 times.
