Verificando 195 curados contra a Liquipedia (fetch do que faltar)...


── Diffs corrigidos da curadoria (149) ──
device: [Astralis, NIP, Falcons] → [Dignitas, TSM, Astralis, NIP, 100T]
dupreeh: [Astralis, Vitality] → [3DMAX, Dignitas, TSM, Astralis, Vitality, Heroic, Falcons]
Xyp9x: [Astralis] → [fnatic, Dignitas, TSM, Astralis]
gla1ve: [Astralis] → [3DMAX, Heroic, Astralis, ENCE]
Magisk: [Astralis, Vitality, Heroic] → [SK, Dignitas, North, OpTic, Astralis, Vitality, Falcons]
karrigan: [FaZe, MOUZ, Astralis, Heroic, Falcons] → [MOUZ, fnatic, Dignitas, TSM, Astralis, FaZe, Falcons]
cadiaN: [Heroic, Liquid] → [MOUZ, SK, North, Heroic, Liquid, Astralis, OG]
blameF: [Complexity, Astralis, FaZe] → [Heroic, Complexity, Astralis, fnatic, BIG]
stavn: [Heroic, Falcons] → [Heroic, Astralis, NIP]
TeSeS: [Heroic, BIG, Falcons] → [OpTic, Heroic, Falcons]
jabbi: [Heroic, Astralis, Vitality] → [Heroic, Astralis]
sjuush: [Heroic, BIG, MOUZ] → [MAD Lions, Heroic, NIP]
k0nfig: [Astralis, Complexity, North] → [SK, Dignitas, North, OpTic, Complexity, Astralis, NIP]
Kjaerbye: [Astralis, North, MIBR] → [Dignitas, Astralis, North, FaZe, Endpoint]
HooXi: [G2, Heroic] → [MAD Lions, G2, Astralis]
MSL: [North, Dignitas] → [3DMAX, Dignitas, North, OpTic]
roeJ: [Heroic, Dignitas] → [MAD Lions, fnatic]
refrezh: [Heroic, BIG] → [OpTic, MAD Lions, Heroic, Sprout, EG]
Staehr: [Astralis, Falcons] → [Sprout, Astralis]
f0rest: [NIP, Dignitas] → [fnatic, SK, NIP, Dignitas]
GeT_RiGhT: [NIP, Dignitas] → [NIP, SK, fnatic, Dignitas]
JW: [fnatic, NIP] → [fnatic, GODSENT]
KRIMZ: [fnatic] → [fnatic, GODSENT]
flusha: [fnatic, GODSENT] → [fnatic, GODSENT, Cloud9]
friberg: [NIP] → [NIP, OpTic, Heroic, Dignitas]
Xizt: [NIP, fnatic, Dignitas] → [fnatic, NIP, FaZe, Dignitas]
dennis: [fnatic, NIP] → [SK, G2, fnatic, GODSENT, NIP, GamerLegion, Apeks]
twist: [fnatic, NIP] → [SK, FlipSid3, GODSENT, fnatic, NIP]
Brollan: [fnatic, MOUZ, Vitality] → [GODSENT, fnatic, NIP, MOUZ]
REZ: [NIP] → [NIP, GamerLegion]
hampus: [NIP, Falcons] → [GODSENT, GamerLegion, NIP]
Plopski: [NIP, Heroic] → [NIP, GODSENT]
draken: [NIP, Heroic] → [NIP, fnatic, GamerLegion, GODSENT]
Golden: [fnatic] → [fnatic, Cloud9, GODSENT]
Lekr0: [NIP, fnatic] → [GODSENT, fnatic, NIP, North, Dignitas]
apEX: [Vitality, EnVyUs, Titan, G2] → [3DMAX, VeryGames, EnVyUs, G2, Vitality]
shox: [G2, Vitality, Titan, VeryGames] → [VeryGames, 3DMAX, Titan, EnVyUs, G2, Vitality, Liquid, Apeks]
kennyS: [Titan, EnVyUs, G2] → [VeryGames, Titan, EnVyUs, G2, Falcons]
NBK: [G2, EnVyUs, Vitality, OG, VeryGames] → [VeryGames, EnVyUs, G2, Vitality, OG, MOUZ, Falcons]
Happy: [EnVyUs, Titan, G2] → [VeryGames, 3DMAX, Vitality]
kioShiMa: [EnVyUs, FaZe, MIBR] → [3DMAX, EnVyUs, FaZe, Cloud9]
ScreaM: [Titan, G2, EnVyUs] → [NIP]
bodyy: [G2] → [G2, Falcons, fnatic, 3DMAX, OG]
AmaNEk: [G2, EG, OG] → [G2]
JACKZ: [G2] → [3DMAX, G2, TSM, NIP]
misutaaa: [Vitality] → [Vitality, Falcons, 3DMAX]
Maka: [EnVyUs] → [3DMAX, Falcons]
FalleN: [Luminosity, SK, MIBR, Liquid, Imperial] → [Complexity, Luminosity, SK, MIBR, Liquid, Imperial, FURIA]
coldzera: [Luminosity, SK, MIBR, FaZe, Falcons] → [Luminosity, SK, MIBR, FaZe, Complexity]
TACO: [Luminosity, SK, MIBR, Liquid] → [Luminosity, SK, Liquid, MIBR, GODSENT]
fnx: [Luminosity, SK, Imperial] → [MIBR, Complexity, paiN, Luminosity, SK, Immortals, 100T, Imperial]
boltz: [Immortals, SK, MIBR] → [Luminosity, Immortals, SK, MIBR, Imperial]
felps: [Immortals, SK, MIBR, GODSENT] → [Immortals, SK, MIBR, Luminosity, GODSENT, Imperial]
chelo: [MIBR, FURIA] → [paiN, Luminosity, MIBR, Imperial, FURIA]
saffee: [paiN, FURIA, Imperial] → [paiN, FURIA, MIBR]
HEN1: [Immortals, MIBR, Imperial] → [Immortals, 100T, Luminosity, FURIA, GODSENT, MIBR, Imperial]
skullz: [paiN, Liquid] → [Luminosity, paiN, Liquid, FURIA, Imperial]
electronic: [NAVI, Cloud9] → [FlipSid3, NAVI, Cloud9, Virtus.pro]
flamie: [NAVI] → [HellRaisers, NAVI]
Perfecto: [NAVI] → [NAVI, Cloud9, Virtus.pro]
Boombl4: [NAVI, Cloud9, Spirit] → [NAVI, Cloud9]
interz: [Gambit, Cloud9] → [Gambit, Cloud9, TSM]
jame: [Virtus.pro, Outsiders, Spirit] → [Virtus.pro]
magixx: [NAVI] → [Spirit]
m0NESY: [NAVI, G2, Falcons] → [G2, Falcons]
s1mple: [NAVI, Liquid, FlipSid3, HellRaisers] → [HellRaisers, FlipSid3, Liquid, NAVI, Falcons, FaZe]
Zeus: [NAVI, Gambit, HellRaisers] → [Virtus.pro, NAVI, Gambit]
sdy: [MOUZ, Outsiders, NAVI] → [Spirit, MAD Lions, NAVI, ENCE]
w0nderful: [NAVI] → [HellRaisers, Spirit, Sprout, NAVI]
allu: [NIP, ENCE, FaZe] → [MOUZ, 3DMAX, NIP, FaZe, OpTic, ENCE]
Aleksib: [ENCE, OG, NAVI, G2, MOUZ] → [ENCE, OG, G2, NIP, NAVI]
suNny: [MOUZ, ENCE, BIG] → [MOUZ, ENCE]
Jamppi: [ENCE, MOUZ] → [ENCE]
NEO: [Virtus.pro] → [MOUZ]
pashaBiceps: [Virtus.pro] → [Virtus.pro, Liquid]
Snax: [Virtus.pro, MOUZ, G2] → [Virtus.pro, MOUZ, GamerLegion, G2]
MICHU: [MOUZ, Complexity] → [Virtus.pro, EG, MAD Lions]
dycha: [MOUZ, Apeks] → [Sprout, ENCE]
siuhy: [MOUZ] → [GamerLegion, MOUZ, Liquid]
nitr0: [Liquid, FaZe, 100T] → [iBUYPOWER, Liquid, NRG]
Brehze: [EG, Liquid, NRG] → [NRG, EG]
Ethan: [EG, NRG, FaZe] → [NRG, EG]
tarik: [Cloud9, OpTic, MIBR, EG] → [OpTic, Cloud9, MIBR, NRG, EG]
autimatic: [Cloud9, Gen.G, TSM] → [Complexity, TSM, Cloud9, Gen.G, EG, NRG]
RUSH: [Cloud9, Complexity] → [OpTic, Cloud9, Complexity, EG]
n0thing: [Cloud9] → [EG, Complexity, Cloud9]
Skadoodle: [Cloud9, TSM, iBUYPOWER] → [iBUYPOWER, Cloud9]
floppy: [Complexity, Liquid] → [Cloud9, Complexity]
oSee: [Liquid] → [Cloud9, Liquid, NRG]
FNS: [NRG, Cloud9] → [TSM, Complexity, Cloud9]
NAF: [Liquid, Renegades] → [Liquid, Luminosity, OpTic, Renegades]
Twistzz: [Liquid, FaZe] → [TSM, Liquid, FaZe]
daps: [NRG, Gen.G] → [Liquid, OpTic, NRG, Cloud9, Gen.G]
jks: [Renegades, 100T, Complexity, G2, FaZe] → [Renegades, 100T, Complexity, G2, Liquid, FlyQuest]
AZR: [Renegades, 100T] → [Renegades, 100T, Sprout]
Liazz: [Renegades, 100T] → [Renegades, 100T, FlyQuest]
NiKo: [MOUZ, FaZe, G2, Falcons] → [NIP]
huNter-: [G2, Falcons] → [G2]
GuardiaN: [NAVI, FaZe, Virtus.pro] → [Astralis]
frozen: [MOUZ, Falcons] → [MOUZ, FaZe]
rain: [FaZe] → [G2, FaZe, 100T]
jkaem: [TSM, Heroic, Dignitas] → [G2, FaZe, Dignitas, Renegades, 100T, Apeks]
tabseN: [BIG] → [MOUZ, NRG, BIG]
syrsoN: [BIG] → [Sprout, BIG]
tiziaN: [BIG] → [MOUZ, BIG]
k1to: [BIG, Vitality] → [Sprout, BIG, OG]
faveN: [BIG] → [Sprout, BIG]
nex: [BIG] → [MOUZ, BIG]
woxic: [MOUZ, HellRaisers, Eternal Fire] → [HellRaisers, MOUZ, Cloud9, Eternal Fire]
imoRR: [Space Soldiers] → [Space Soldiers, Eternal Fire]
Spinx: [ENCE, Vitality, Falcons] → [ENCE, Vitality, MOUZ]
flameZ: [Vitality, OG] → [Endpoint, OG, Vitality]
Hobbit: [Gambit, Spirit, HellRaisers] → [Gambit, HellRaisers, Cloud9]
YEKINDAR: [Virtus.pro, Liquid, FaZe, Outsiders] → [Virtus.pro, Liquid, FURIA]
nexa: [G2, OG] → [Renegades, G2, OG]
jL: [NAVI] → [MAD Lions, Apeks, NAVI, MOUZ]
Snappi: [ENCE, Astralis] → [Heroic, OpTic, Astralis, ENCE, Falcons, NIP]
valde: [North, OG, MAD Lions] → [Heroic, North, OG, ENCE, TSM]
es3tag: [Heroic, Astralis, Cloud9, Complexity] → [Heroic, Astralis, Cloud9, Complexity, NIP]
b0RUP: [Sprout, GamerLegion] → [Heroic, MAD Lions, Astralis]
nicoodoz: [fnatic] → [fnatic, Heroic, OG]
Maikelele: [NIP, FaZe, Space Soldiers] → [3DMAX, SK, MOUZ, NIP, G2, FaZe, Dignitas, GODSENT]
nawwk: [NIP, GamerLegion] → [GamerLegion, NIP, Apeks, fnatic]
isak: [GamerLegion, Astralis] → [GamerLegion, NIP]
acoR: [Vitality, MAD Lions, GamerLegion] → [MAD Lions, MOUZ, GamerLegion, TSM]
Lucky: [3DMAX] → [3DMAX, G2]
mezii: [fnatic, Vitality] → [GamerLegion, Cloud9, Endpoint, fnatic, Vitality]
smooya: [BIG, Endpoint] → [BIG, fnatic]
ALEX: [MOUZ, Vitality, Cloud9] → [Vitality, Cloud9, fnatic]
VINI: [paiN, FURIA] → [FURIA, Imperial]
drop: [FURIA] → [FURIA, MIBR]
steel: [Immortals, Liquid, MIBR] → [Luminosity, Immortals, Liquid, MIBR]
lucas1: [Immortals, MIBR, Imperial] → [Immortals, 100T, Luminosity, MIBR, Imperial]
seized: [NAVI] → [Virtus.pro, NAVI, FlipSid3, Gambit]
Edward: [NAVI] → [Virtus.pro, HellRaisers, NAVI]
markeloff: [NAVI, Gambit] → [HellRaisers, NAVI, FlipSid3]
ANGE1: [HellRaisers] → [HellRaisers, Virtus.pro]
Grim: [Liquid, Complexity] → [Dignitas, Liquid, Complexity, NRG]
Hiko: [Liquid, Renegades] → [Complexity, Cloud9, iBUYPOWER, Liquid]
swag: [iBUYPOWER] → [Complexity, iBUYPOWER, Cloud9]
shroud: [Cloud9] → [Complexity, Cloud9]
dexter: [MOUZ] → [Renegades, MOUZ, fnatic, FlyQuest]
hallzerk: [Complexity, FlyQuest] → [Dignitas, Complexity]
gob b: [BIG, MOUZ] → [MOUZ, NRG, BIG]
xfl0ud: [Eternal Fire] → [Eternal Fire, Heroic]
oskar: [MOUZ, HellRaisers] → [3DMAX, HellRaisers, MOUZ, Sprout]
STYKO: [MOUZ, Cloud9] → [HellRaisers, MOUZ, Cloud9, GODSENT, Apeks]
malbsMd: [G2] → [G2, Liquid]
BnTeT: [TYLOO, Gen.G, ENCE] → [TYLOO, Gen.G]

── Curados NÃO verificados (mantidos como estavam) (2) ──
AdreN, bLitzZ

── Detalhe das falhas de fetch (2) ──
AdreN — sem infobox/país
bLitzZ — página inexistente

✔ 809 jogadores (195 curados verificados + 614 colhidos) · 53 times.
